Connecting to database specified by database.yml
Connecting to database specified by database.yml
Connecting to database specified by database.yml
Connecting to database specified by database.yml
Connecting to database specified by database.yml
  [1m[36m (1.6ms)[0m  [1mSELECT "schema_migrations"."version" FROM "schema_migrations" [0m
Migrating to CreateRepositories (20101126174706)
Migrating to CreateBuilds (20101126174715)
Migrating to DeviseCreateUsers (20110109130532)
Migrating to RepositoriesAddUsername (20110116155100)
Migrating to CreateTokens (20110130102621)
Migrating to AddBuildParentIdAndConfiguration (20110301071656)
Migrating to RepositoriesDenormalizeLastBuildAttributes (20110316174721)
Migrating to RepositoriesAddOwnerNameAndOwnerEmail (20110321075539)
Migrating to RepositoryStripOwnerNameFromName (20110321171101)
Migrating to CreateHistoriesTable (20110411171936)
Migrating to RenameHistoriesToRailsAdminHistories (20110411171937)
Migrating to AddAdminFlagToUser (20110411172518)
Migrating to BuildsAddRef (20110413101057)
Migrating to BuildsAddGithubPayload (20110414131100)
Migrating to AddGithubIdToUsersTable (20110503150504)
Migrating to RepositoriesChangeOwnerEmailType (20110523012243)
Migrating to AddGithubOauthTokenToUser (20110611203537)
Migrating to AddCompareUrlToBuild (20110613210252)
Migrating to BuildsRemoveJobId (20110615152003)
Migrating to BuildRemoveLastBuiltAt (20110616211744)
Migrating to AddMissingIndexes (20110617114728)
Migrating to AddActiveToRepositories (20110619100906)
Migrating to StoreTokenInBuild (20110729094426)
Migrating to CreateRequestsCommitsAndTasks (20110801161819)
Migrating to RepositoryRenameIsActiveToActive (20110805030147)
Migrating to TasksAddTags (20110819232908)
Migrating to CacheOneNumberForSharedBuildsTasksSequence (20110911204538)
Migrating to RenameTasksToJobs (20111107134436)
Migrating to CreateArtifacts (20111107134437)
Migrating to CreateWorkers (20111107134438)
Migrating to JobsAddRetries (20111107134439)
Migrating to RemoveRailsAdmin (20111107134440)
Migrating to AddIndexesToJobs (20111128235043)
Migrating to AddRepositoryIdIndexToJobs (20111129014329)
Migrating to AddOwnerAndTypeIndexToJobs (20111129022625)
Migrating to WorkersAddPayloadAndLastError (20111201113500)
Migrating to RepositoriesAddDescriptionAndLastLanguage (20111203002341)
Migrating to BuildsAddArchivedAt (20111203221720)
Migrating to MimicProductionDb (20111207093700)
Migrating to BuildsAddDuration (20111212103859)
Migrating to RepositoriesAddLastBuildDuration (20111212112411)
Migrating to CreateSslKeys (20111214173922)
Migrating to AddAllowFailureToJobs (20120114125404)
Migrating to AddPullRequestFieldsToRequest (20120216133223)
Migrating to AddGravatarIdToUsers (20120222082522)
Migrating to OrganizationsCreate (20120301131209)
Migrating to JobsRenameOwnerToSource (20120304000502)
Migrating to RepositoriesAddOwner (20120304000503)
Migrating to BuildsAddOwner (20120304000504)
Migrating to JobsAddOwner (20120304000505)
Migrating to RequestsAddOwner (20120304000506)
Migrating to AddLocaleToUser (20120311234933)
Migrating to CreateMemberships (20120316123726)
Migrating to RepositoriesAddPrivate (20120319170001)
Migrating to CreateUrls (20120324104051)
Migrating to CopyStatusToResult (20120505165100)
Migrating to RequestsAddIndexOnHeadCommit (20120511171900)
Migrating to CreatePermissions (20120521174400)
Migrating to BuildsAddPreviousResult (20120527235800)
Migrating to AddSyncInfoToUser (20120713140816)
Migrating to RenameInSyncToIsSyncing (20120713153215)
Migrating to AddQueueToWorkers (20120725005300)
Migrating to AddJobsIndexOnStateOwnerTypeOwnerId (20120727151900)
Migrating to AddQueuedAtToJobs (20120731005301)
Migrating to AddPushAndPullToPermissions (20120802001001)
Migrating to AddBuildsIndexOnRepositoryIdAndState (20120911160000)
Migrating to ArtifactsAddAggregatedAt (20120911230000)
Migrating to AddArtifactParts (20120911230001)
Migrating to BuildsAddIndexOnFinishedAt (20120915012000)
Migrating to CommitsAddIndexOnBranch (20120915012001)
Migrating to JobsAddIndexOnCreatedAt (20120915150000)
Migrating to CreateEvents (20121015002500)
Migrating to RequestsAddResultAndMessage (20121015002501)
Migrating to CreateBroadcasts (20121017040100)
Migrating to EventsChangeDataToText (20121017040200)
Migrating to AddEventTypeToBuilds (20121018201301)
Migrating to UpdateEventTypeOnBuilds (20121018203728)
Migrating to AddIndexOnRepositoryIdAndEventTypeToBuilds (20121018210156)
Migrating to RepositoriesAddLastBuildState (20121125122700)
Migrating to BuildsAddPreviousState (20121125122701)
Migrating to ArtifactPartsAddFinal (20121222125200)
Migrating to ArtifactPartsChangeContentToText (20121222125300)
Migrating to ArtifactPartsAddIndexOnArtifactId (20121222140200)
Migrating to ArtifactPartsRemoveIndexOnArtifactId (20121223162300)
Migrating to AddGithubScopesToUser (20130107165057)
Migrating to AddIndexOnLastSeenAtToWorkers (20130115125836)
Migrating to CacheFullNameInWorkers (20130115145728)
Migrating to ArtifactsAddArchivedAt (20130125002600)
Migrating to ArtifactsAddArchivingAndVerified (20130125171100)
Migrating to CreateEmails (20130129142703)
Migrating to CreateLogs (20130207030700)
Migrating to CreateLogParts (20130207030701)
Migrating to AddReferenceOnLogPartsLogId (20130208124253)
Migrating to RenameArtifacts (20130208135800)
Migrating to DropArtifacts (20130208135801)
Migrating to AddNotNullConstraintOnLogPartsLogId (20130208215252)
Migrating to AddPullRequestTitleToBuilds (20130311211101)
Migrating to AddPullRequestNumberToBuilds (20130327100801)
Migrating to AddIndexToBuildsRequestId (20130418101437)
Migrating to AddIndexToJobsOnOwnerIdOwnerTypeAndState (20130418103306)
Migrating to AddBranchToBuilds (20130504230850)
Migrating to AddMoreIndexesToBuilds (20130505023259)
Migrating to AddIndexOnBuildState (20130521115725)
Migrating to UpdateFinishedJobs (20130521133050)
Migrating to UpdateFinishedBuilds (20130521134224)
Migrating to RemoveUnusedBuildColumns (20130521134800)
Migrating to RemoveUnusedJobColumns (20130521141357)
Migrating to AddGithubIdToUsers (20130629122945)
Migrating to AddDefaultBranchToRepositories (20130629133531)
Migrating to AddGithubLanguageToRepositories (20130629174449)
Migrating to AddPurgedAtToLogs (20130701123456)
Migrating to RemoveUnusedRepositoryColumns (20130702123456)
Migrating to AddUniqueIndexOnUsersGithubIdAndRemoveUniqueIndexOnUsersLogin (20130702144325)
Migrating to AddExtraColumnsToOrganizations (20130705123456)
Migrating to AddIndexOnGithubIdToOrganizations (20130707164854)
Migrating to CreateAnnotations (20130709185200)
Migrating to CreateAnnotationProviders (20130709233500)
Migrating to AddAnnotationProviderIdToAnnotations (20130710000745)
Migrating to AddCanceledAtToJobsAndBuilds (20130726101124)
Migrating to AddIndexOnRepositoryGithubId (20130901183019)
Migrating to AddCachedMatrixIdsToBuilds (20130909203321)
Migrating to CreateIndexOnBuildsIdDescAndRepositoryIdAndEventType (20130910184823)
Migrating to AddUniqueIndexOnRepositoryGithubId (20130916101056)
Migrating to AddSettingsToRepositories (20130920135744)
Migrating to RemoveWorkersTableAndIndexes (20131104101056)
Migrating to RemoveEventsTable (20131109101056)
Migrating to RemoveAnnotationImageInfo (20140120225125)
Migrating to AddStatusToAnnotations (20140121003026)
Migrating to AddIndicesToRequests (20140204220926)
Migrating to AddIndicesToMemberships (20140210003014)
Migrating to RemoveUnusedIndices (20140210012509)
Migrating to AddRemovedInfoToLogs (20140612131826)
Migrating to AddEducationFieldToUser (20140827121945)
Migrating to JobsAddReceivedAt (20150121135400)
Migrating to BuildsAddReceivedAt (20150121135401)
Migrating to AddIndexOnRepositoryIdToCommits (20150204144312)
Migrating to IndexRequestsOnCreatedAt (20150210170900)
Migrating to CreateBranches (20150223125700)
Migrating to AddNextBuildNumberToRepository (20150311020321)
Migrating to AddActiveIndexToRepository (20150316020321)
Migrating to AddOwnerTypeAndOwnerIdIndexesToBuilds (20150316080321)
Migrating to AddOwnerTypeAndOwnerIdIndexesToRepositories (20150316100321)
Migrating to AddSlugIndexToRepositories (20150317004600)
Migrating to AddTokenIndexToTokens (20150317020321)
Migrating to AddLoginIndexToOrganizations (20150317080321)
Migrating to AddLowerCaseIndices (20150414001337)
Migrating to RepositoriesAddIndexOwnerName (20150528101600)
  [1m[35m (19.9ms)[0m  CREATE INDEX CONCURRENTLY index_repositories_on_owner_name ON repositories(owner_name)
  [1m[36m (3.4ms)[0m  [1mINSERT INTO "schema_migrations" ("version") VALUES ('20150528101600')[0m
Migrating to RepositoriesAddIndexName (20150528101601)
  [1m[35m (11.2ms)[0m  CREATE INDEX CONCURRENTLY index_repositories_on_name ON repositories(name)
  [1m[36m (2.1ms)[0m  [1mINSERT INTO "schema_migrations" ("version") VALUES ('20150528101601')[0m
Migrating to RepositoriesDropIndexOwnerNameName (20150528101602)
  [1m[35m (6.4ms)[0m  DROP INDEX CONCURRENTLY index_repositories_on_owner_name_and_name
  [1m[36m (8.8ms)[0m  [1mINSERT INTO "schema_migrations" ("version") VALUES ('20150528101602')[0m
Migrating to BuildsAddIndexEventType (20150528101603)
  [1m[35m (21.8ms)[0m  CREATE INDEX CONCURRENTLY index_builds_on_event_type ON builds (event_type)
  [1m[36m (10.3ms)[0m  [1mINSERT INTO "schema_migrations" ("version") VALUES ('20150528101603')[0m
Migrating to BuildsAddIndexRepositoryId (20150528101604)
  [1m[35m (13.4ms)[0m  CREATE INDEX CONCURRENTLY index_builds_on_repository_id ON builds (repository_id)
  [1m[36m (2.1ms)[0m  [1mINSERT INTO "schema_migrations" ("version") VALUES ('20150528101604')[0m
Migrating to BuildsAddIndexState (20150528101605)
  [1m[35m (20.1ms)[0m  CREATE INDEX CONCURRENTLY index_builds_on_state ON builds (state)
  [1m[36m (2.8ms)[0m  [1mINSERT INTO "schema_migrations" ("version") VALUES ('20150528101605')[0m
Migrating to BuildsAddIndexBranch (20150528101607)
  [1m[35m (13.0ms)[0m  CREATE INDEX CONCURRENTLY index_builds_on_branch ON builds (branch)
  [1m[36m (1.9ms)[0m  [1mINSERT INTO "schema_migrations" ("version") VALUES ('20150528101607')[0m
Migrating to BuildsDropIndexRepositoryIdAndState (20150528101608)
  [1m[35m (6.2ms)[0m  DROP INDEX CONCURRENTLY index_builds_on_repository_id_and_state
  [1m[36m (2.7ms)[0m  [1mINSERT INTO "schema_migrations" ("version") VALUES ('20150528101608')[0m
Migrating to BuildsDropIndexRepositoryIdAndEventType (20150528101609)
  [1m[35m (2.3ms)[0m  DROP INDEX CONCURRENTLY index_builds_on_repository_id_and_event_type
  [1m[36m (1.9ms)[0m  [1mINSERT INTO "schema_migrations" ("version") VALUES ('20150528101609')[0m
Migrating to BuildsDropIndexIdRepositoryIdAndEventTypeDesc (20150528101610)
  [1m[35m (2.3ms)[0m  DROP INDEX CONCURRENTLY index_builds_on_id_repository_id_and_event_type_desc
  [1m[36m (1.9ms)[0m  [1mINSERT INTO "schema_migrations" ("version") VALUES ('20150528101610')[0m
Migrating to BuildsDropIndexRepositoryIdAndEventTypeAndStateAndBranch (20150528101611)
  [1m[35m (3.9ms)[0m  DROP INDEX CONCURRENTLY index_builds_on_repository_id_and_event_type_and_state_and_bran
  [1m[36m (2.7ms)[0m  [1mINSERT INTO "schema_migrations" ("version") VALUES ('20150528101611')[0m
Migrating to JobsAddIndexOwnerId (20150610143500)
  [1m[35m (10.2ms)[0m  CREATE INDEX CONCURRENTLY index_jobs_on_owner_id ON jobs (owner_id)
  [1m[36m (2.0ms)[0m  [1mINSERT INTO "schema_migrations" ("version") VALUES ('20150610143500')[0m
Migrating to JobsAddIndexOwnerType (20150610143501)
  [1m[35m (6.4ms)[0m  CREATE INDEX CONCURRENTLY index_jobs_on_owner_type ON jobs (owner_type)
  [1m[36m (2.1ms)[0m  [1mINSERT INTO "schema_migrations" ("version") VALUES ('20150610143501')[0m
Migrating to JobsAddIndexSourceId (20150610143502)
  [1m[35m (14.3ms)[0m  CREATE INDEX CONCURRENTLY index_jobs_on_source_id ON jobs (source_id)
  [1m[36m (9.0ms)[0m  [1mINSERT INTO "schema_migrations" ("version") VALUES ('20150610143502')[0m
Migrating to JobsAddIndexSourceType (20150610143503)
  [1m[35m (13.6ms)[0m  CREATE INDEX CONCURRENTLY index_jobs_on_source_type ON jobs (source_type)
  [1m[36m (2.8ms)[0m  [1mINSERT INTO "schema_migrations" ("version") VALUES ('20150610143503')[0m
Migrating to JobsAddIndexType (20150610143504)
  [1m[35m (19.5ms)[0m  CREATE INDEX CONCURRENTLY index_jobs_on_type ON jobs (type)
  [1m[36m (3.7ms)[0m  [1mINSERT INTO "schema_migrations" ("version") VALUES ('20150610143504')[0m
Migrating to JobsDropIndexOwnerIdAndOwnerTypeAndState (20150610143505)
  [1m[35m (4.0ms)[0m  DROP INDEX CONCURRENTLY index_jobs_on_owner_id_and_owner_type_and_state
  [1m[36m (2.5ms)[0m  [1mINSERT INTO "schema_migrations" ("version") VALUES ('20150610143505')[0m
Migrating to JobsDropIndexStateOwnerTypeOwnerId (20150610143506)
  [1m[35m (2.3ms)[0m  DROP INDEX CONCURRENTLY index_jobs_on_state_owner_type_owner_id
  [1m[36m (2.0ms)[0m  [1mINSERT INTO "schema_migrations" ("version") VALUES ('20150610143506')[0m
Migrating to JobsDropIndexTypeAndSourceIdAndSourceType (20150610143507)
  [1m[35m (2.3ms)[0m  DROP INDEX CONCURRENTLY index_jobs_on_type_and_owner_id_and_owner_type
  [1m[36m (2.1ms)[0m  [1mINSERT INTO "schema_migrations" ("version") VALUES ('20150610143507')[0m
Migrating to JobsAddIndexState (20150610143508)
  [1m[35m (14.5ms)[0m  CREATE INDEX CONCURRENTLY index_jobs_on_state ON jobs (state)
  [1m[36m (3.0ms)[0m  [1mINSERT INTO "schema_migrations" ("version") VALUES ('20150610143508')[0m
Migrating to JobsAddIndexQueue (20150610143509)
  [1m[35m (6.4ms)[0m  CREATE INDEX CONCURRENTLY index_jobs_on_queue ON jobs (queue)
  [1m[36m (2.0ms)[0m  [1mINSERT INTO "schema_migrations" ("version") VALUES ('20150610143509')[0m
Migrating to TokensAddIndexUserId (20150610143510)
  [1m[35m (8.1ms)[0m  CREATE INDEX CONCURRENTLY index_tokens_on_user_id ON tokens (user_id)
  [1m[36m (2.5ms)[0m  [1mINSERT INTO "schema_migrations" ("version") VALUES ('20150610143510')[0m
Migrating to ReposAddInvalidatedAt (20150629231300)
  [1m[35m (0.2ms)[0m  BEGIN
  [1m[36m (1.7ms)[0m  [1mALTER TABLE "repositories" ADD COLUMN "invalidated_at" timestamp[0m
  [1m[35m (0.3ms)[0m  INSERT INTO "schema_migrations" ("version") VALUES ('20150629231300')
  [1m[36m (2.3ms)[0m  [1mCOMMIT[0m
Migrating to BroadcastsAddCategory (20150923131400)
  [1m[35m (0.1ms)[0m  BEGIN
  [1m[36m (0.3ms)[0m  [1mALTER TABLE "broadcasts" ADD COLUMN "category" character varying(255)[0m
PG::DuplicateColumn: ERROR:  column "category" of relation "broadcasts" already exists
: ALTER TABLE "broadcasts" ADD COLUMN "category" character varying(255)
  [1m[35m (0.1ms)[0m  ROLLBACK
Connecting to database specified by database.yml
  [1m[36m (11.1ms)[0m  [1mSELECT "schema_migrations"."version" FROM "schema_migrations" [0m
Migrating to CreateRepositories (20101126174706)
Migrating to CreateBuilds (20101126174715)
Migrating to DeviseCreateUsers (20110109130532)
Migrating to RepositoriesAddUsername (20110116155100)
Migrating to CreateTokens (20110130102621)
Migrating to AddBuildParentIdAndConfiguration (20110301071656)
Migrating to RepositoriesDenormalizeLastBuildAttributes (20110316174721)
Migrating to RepositoriesAddOwnerNameAndOwnerEmail (20110321075539)
Migrating to RepositoryStripOwnerNameFromName (20110321171101)
Migrating to CreateHistoriesTable (20110411171936)
Migrating to RenameHistoriesToRailsAdminHistories (20110411171937)
Migrating to AddAdminFlagToUser (20110411172518)
Migrating to BuildsAddRef (20110413101057)
Migrating to BuildsAddGithubPayload (20110414131100)
Migrating to AddGithubIdToUsersTable (20110503150504)
Migrating to RepositoriesChangeOwnerEmailType (20110523012243)
Migrating to AddGithubOauthTokenToUser (20110611203537)
Migrating to AddCompareUrlToBuild (20110613210252)
Migrating to BuildsRemoveJobId (20110615152003)
Migrating to BuildRemoveLastBuiltAt (20110616211744)
Migrating to AddMissingIndexes (20110617114728)
Migrating to AddActiveToRepositories (20110619100906)
Migrating to StoreTokenInBuild (20110729094426)
Migrating to CreateRequestsCommitsAndTasks (20110801161819)
Migrating to RepositoryRenameIsActiveToActive (20110805030147)
Migrating to TasksAddTags (20110819232908)
Migrating to CacheOneNumberForSharedBuildsTasksSequence (20110911204538)
Migrating to RenameTasksToJobs (20111107134436)
Migrating to CreateArtifacts (20111107134437)
Migrating to CreateWorkers (20111107134438)
Migrating to JobsAddRetries (20111107134439)
Migrating to RemoveRailsAdmin (20111107134440)
Migrating to AddIndexesToJobs (20111128235043)
Migrating to AddRepositoryIdIndexToJobs (20111129014329)
Migrating to AddOwnerAndTypeIndexToJobs (20111129022625)
Migrating to WorkersAddPayloadAndLastError (20111201113500)
Migrating to RepositoriesAddDescriptionAndLastLanguage (20111203002341)
Migrating to BuildsAddArchivedAt (20111203221720)
Migrating to MimicProductionDb (20111207093700)
Migrating to BuildsAddDuration (20111212103859)
Migrating to RepositoriesAddLastBuildDuration (20111212112411)
Migrating to CreateSslKeys (20111214173922)
Migrating to AddAllowFailureToJobs (20120114125404)
Migrating to AddPullRequestFieldsToRequest (20120216133223)
Migrating to AddGravatarIdToUsers (20120222082522)
Migrating to OrganizationsCreate (20120301131209)
Migrating to JobsRenameOwnerToSource (20120304000502)
Migrating to RepositoriesAddOwner (20120304000503)
Migrating to BuildsAddOwner (20120304000504)
Migrating to JobsAddOwner (20120304000505)
Migrating to RequestsAddOwner (20120304000506)
Migrating to AddLocaleToUser (20120311234933)
Migrating to CreateMemberships (20120316123726)
Migrating to RepositoriesAddPrivate (20120319170001)
Migrating to CreateUrls (20120324104051)
Migrating to CopyStatusToResult (20120505165100)
Migrating to RequestsAddIndexOnHeadCommit (20120511171900)
Migrating to CreatePermissions (20120521174400)
Migrating to BuildsAddPreviousResult (20120527235800)
Migrating to AddSyncInfoToUser (20120713140816)
Migrating to RenameInSyncToIsSyncing (20120713153215)
Migrating to AddQueueToWorkers (20120725005300)
Migrating to AddJobsIndexOnStateOwnerTypeOwnerId (20120727151900)
Migrating to AddQueuedAtToJobs (20120731005301)
Migrating to AddPushAndPullToPermissions (20120802001001)
Migrating to AddBuildsIndexOnRepositoryIdAndState (20120911160000)
Migrating to ArtifactsAddAggregatedAt (20120911230000)
Migrating to AddArtifactParts (20120911230001)
Migrating to BuildsAddIndexOnFinishedAt (20120915012000)
Migrating to CommitsAddIndexOnBranch (20120915012001)
Migrating to JobsAddIndexOnCreatedAt (20120915150000)
Migrating to CreateEvents (20121015002500)
Migrating to RequestsAddResultAndMessage (20121015002501)
Migrating to CreateBroadcasts (20121017040100)
Migrating to EventsChangeDataToText (20121017040200)
Migrating to AddEventTypeToBuilds (20121018201301)
Migrating to UpdateEventTypeOnBuilds (20121018203728)
Migrating to AddIndexOnRepositoryIdAndEventTypeToBuilds (20121018210156)
Migrating to RepositoriesAddLastBuildState (20121125122700)
Migrating to BuildsAddPreviousState (20121125122701)
Migrating to ArtifactPartsAddFinal (20121222125200)
Migrating to ArtifactPartsChangeContentToText (20121222125300)
Migrating to ArtifactPartsAddIndexOnArtifactId (20121222140200)
Migrating to ArtifactPartsRemoveIndexOnArtifactId (20121223162300)
Migrating to AddGithubScopesToUser (20130107165057)
Migrating to AddIndexOnLastSeenAtToWorkers (20130115125836)
Migrating to CacheFullNameInWorkers (20130115145728)
Migrating to ArtifactsAddArchivedAt (20130125002600)
Migrating to ArtifactsAddArchivingAndVerified (20130125171100)
Migrating to CreateEmails (20130129142703)
Migrating to CreateLogs (20130207030700)
Migrating to CreateLogParts (20130207030701)
Migrating to AddReferenceOnLogPartsLogId (20130208124253)
Migrating to RenameArtifacts (20130208135800)
Migrating to DropArtifacts (20130208135801)
Migrating to AddNotNullConstraintOnLogPartsLogId (20130208215252)
Migrating to AddPullRequestTitleToBuilds (20130311211101)
Migrating to AddPullRequestNumberToBuilds (20130327100801)
Migrating to AddIndexToBuildsRequestId (20130418101437)
Migrating to AddIndexToJobsOnOwnerIdOwnerTypeAndState (20130418103306)
Migrating to AddBranchToBuilds (20130504230850)
Migrating to AddMoreIndexesToBuilds (20130505023259)
Migrating to AddIndexOnBuildState (20130521115725)
Migrating to UpdateFinishedJobs (20130521133050)
Migrating to UpdateFinishedBuilds (20130521134224)
Migrating to RemoveUnusedBuildColumns (20130521134800)
Migrating to RemoveUnusedJobColumns (20130521141357)
Migrating to AddGithubIdToUsers (20130629122945)
Migrating to AddDefaultBranchToRepositories (20130629133531)
Migrating to AddGithubLanguageToRepositories (20130629174449)
Migrating to AddPurgedAtToLogs (20130701123456)
Migrating to RemoveUnusedRepositoryColumns (20130702123456)
Migrating to AddUniqueIndexOnUsersGithubIdAndRemoveUniqueIndexOnUsersLogin (20130702144325)
Migrating to AddExtraColumnsToOrganizations (20130705123456)
Migrating to AddIndexOnGithubIdToOrganizations (20130707164854)
Migrating to CreateAnnotations (20130709185200)
Migrating to CreateAnnotationProviders (20130709233500)
Migrating to AddAnnotationProviderIdToAnnotations (20130710000745)
Migrating to AddCanceledAtToJobsAndBuilds (20130726101124)
Migrating to AddIndexOnRepositoryGithubId (20130901183019)
Migrating to AddCachedMatrixIdsToBuilds (20130909203321)
Migrating to CreateIndexOnBuildsIdDescAndRepositoryIdAndEventType (20130910184823)
Migrating to AddUniqueIndexOnRepositoryGithubId (20130916101056)
Migrating to AddSettingsToRepositories (20130920135744)
Migrating to RemoveWorkersTableAndIndexes (20131104101056)
Migrating to RemoveEventsTable (20131109101056)
Migrating to RemoveAnnotationImageInfo (20140120225125)
Migrating to AddStatusToAnnotations (20140121003026)
Migrating to AddIndicesToRequests (20140204220926)
Migrating to AddIndicesToMemberships (20140210003014)
Migrating to RemoveUnusedIndices (20140210012509)
Migrating to AddRemovedInfoToLogs (20140612131826)
Migrating to AddEducationFieldToUser (20140827121945)
Migrating to JobsAddReceivedAt (20150121135400)
Migrating to BuildsAddReceivedAt (20150121135401)
Migrating to AddIndexOnRepositoryIdToCommits (20150204144312)
Migrating to IndexRequestsOnCreatedAt (20150210170900)
Migrating to CreateBranches (20150223125700)
Migrating to AddNextBuildNumberToRepository (20150311020321)
Migrating to AddActiveIndexToRepository (20150316020321)
Migrating to AddOwnerTypeAndOwnerIdIndexesToBuilds (20150316080321)
Migrating to AddOwnerTypeAndOwnerIdIndexesToRepositories (20150316100321)
Migrating to AddSlugIndexToRepositories (20150317004600)
Migrating to AddTokenIndexToTokens (20150317020321)
Migrating to AddLoginIndexToOrganizations (20150317080321)
Migrating to AddLowerCaseIndices (20150414001337)
Migrating to RepositoriesAddIndexOwnerName (20150528101600)
Migrating to RepositoriesAddIndexName (20150528101601)
Migrating to RepositoriesDropIndexOwnerNameName (20150528101602)
Migrating to BuildsAddIndexEventType (20150528101603)
Migrating to BuildsAddIndexRepositoryId (20150528101604)
Migrating to BuildsAddIndexState (20150528101605)
Migrating to BuildsAddIndexBranch (20150528101607)
Migrating to BuildsDropIndexRepositoryIdAndState (20150528101608)
Migrating to BuildsDropIndexRepositoryIdAndEventType (20150528101609)
Migrating to BuildsDropIndexIdRepositoryIdAndEventTypeDesc (20150528101610)
Migrating to BuildsDropIndexRepositoryIdAndEventTypeAndStateAndBranch (20150528101611)
Migrating to JobsAddIndexOwnerId (20150610143500)
Migrating to JobsAddIndexOwnerType (20150610143501)
Migrating to JobsAddIndexSourceId (20150610143502)
Migrating to JobsAddIndexSourceType (20150610143503)
Migrating to JobsAddIndexType (20150610143504)
Migrating to JobsDropIndexOwnerIdAndOwnerTypeAndState (20150610143505)
Migrating to JobsDropIndexStateOwnerTypeOwnerId (20150610143506)
Migrating to JobsDropIndexTypeAndSourceIdAndSourceType (20150610143507)
Migrating to JobsAddIndexState (20150610143508)
Migrating to JobsAddIndexQueue (20150610143509)
Migrating to TokensAddIndexUserId (20150610143510)
Migrating to ReposAddInvalidatedAt (20150629231300)
Migrating to BroadcastsAddCategory (20150923131400)
  [1m[35m (0.1ms)[0m  BEGIN
  [1m[36m (3.2ms)[0m  [1mALTER TABLE "broadcasts" ADD COLUMN "category" character varying(255)[0m
PG::DuplicateColumn: ERROR:  column "category" of relation "broadcasts" already exists
: ALTER TABLE "broadcasts" ADD COLUMN "category" character varying(255)
  [1m[35m (0.1ms)[0m  ROLLBACK
Connecting to database specified by database.yml
  [1m[36m (0.3ms)[0m  [1mSELECT "schema_migrations"."version" FROM "schema_migrations" [0m
  [1m[35m (0.2ms)[0m  SELECT "schema_migrations"."version" FROM "schema_migrations" 
  [1m[36m (0.3ms)[0m  [1mSELECT "schema_migrations"."version" FROM "schema_migrations" [0m
Migrating to CreateRepositories (20101126174706)
Migrating to CreateBuilds (20101126174715)
Migrating to DeviseCreateUsers (20110109130532)
Migrating to RepositoriesAddUsername (20110116155100)
Migrating to CreateTokens (20110130102621)
Migrating to AddBuildParentIdAndConfiguration (20110301071656)
Migrating to RepositoriesDenormalizeLastBuildAttributes (20110316174721)
Migrating to RepositoriesAddOwnerNameAndOwnerEmail (20110321075539)
Migrating to RepositoryStripOwnerNameFromName (20110321171101)
Migrating to CreateHistoriesTable (20110411171936)
Migrating to RenameHistoriesToRailsAdminHistories (20110411171937)
Migrating to AddAdminFlagToUser (20110411172518)
Migrating to BuildsAddRef (20110413101057)
Migrating to BuildsAddGithubPayload (20110414131100)
Migrating to AddGithubIdToUsersTable (20110503150504)
Migrating to RepositoriesChangeOwnerEmailType (20110523012243)
Migrating to AddGithubOauthTokenToUser (20110611203537)
Migrating to AddCompareUrlToBuild (20110613210252)
Migrating to BuildsRemoveJobId (20110615152003)
Migrating to BuildRemoveLastBuiltAt (20110616211744)
Migrating to AddMissingIndexes (20110617114728)
Migrating to AddActiveToRepositories (20110619100906)
Migrating to StoreTokenInBuild (20110729094426)
Migrating to CreateRequestsCommitsAndTasks (20110801161819)
Migrating to RepositoryRenameIsActiveToActive (20110805030147)
Migrating to TasksAddTags (20110819232908)
Migrating to CacheOneNumberForSharedBuildsTasksSequence (20110911204538)
Migrating to RenameTasksToJobs (20111107134436)
Migrating to CreateArtifacts (20111107134437)
Migrating to CreateWorkers (20111107134438)
Migrating to JobsAddRetries (20111107134439)
Migrating to RemoveRailsAdmin (20111107134440)
Migrating to AddIndexesToJobs (20111128235043)
Migrating to AddRepositoryIdIndexToJobs (20111129014329)
Migrating to AddOwnerAndTypeIndexToJobs (20111129022625)
Migrating to WorkersAddPayloadAndLastError (20111201113500)
Migrating to RepositoriesAddDescriptionAndLastLanguage (20111203002341)
Migrating to BuildsAddArchivedAt (20111203221720)
Migrating to MimicProductionDb (20111207093700)
Migrating to BuildsAddDuration (20111212103859)
Migrating to RepositoriesAddLastBuildDuration (20111212112411)
Migrating to CreateSslKeys (20111214173922)
Migrating to AddAllowFailureToJobs (20120114125404)
Migrating to AddPullRequestFieldsToRequest (20120216133223)
Migrating to AddGravatarIdToUsers (20120222082522)
Migrating to OrganizationsCreate (20120301131209)
Migrating to JobsRenameOwnerToSource (20120304000502)
Migrating to RepositoriesAddOwner (20120304000503)
Migrating to BuildsAddOwner (20120304000504)
Migrating to JobsAddOwner (20120304000505)
Migrating to RequestsAddOwner (20120304000506)
Migrating to AddLocaleToUser (20120311234933)
Migrating to CreateMemberships (20120316123726)
Migrating to RepositoriesAddPrivate (20120319170001)
Migrating to CreateUrls (20120324104051)
Migrating to CopyStatusToResult (20120505165100)
Migrating to RequestsAddIndexOnHeadCommit (20120511171900)
Migrating to CreatePermissions (20120521174400)
Migrating to BuildsAddPreviousResult (20120527235800)
Migrating to AddSyncInfoToUser (20120713140816)
Migrating to RenameInSyncToIsSyncing (20120713153215)
Migrating to AddQueueToWorkers (20120725005300)
Migrating to AddJobsIndexOnStateOwnerTypeOwnerId (20120727151900)
Migrating to AddQueuedAtToJobs (20120731005301)
Migrating to AddPushAndPullToPermissions (20120802001001)
Migrating to AddBuildsIndexOnRepositoryIdAndState (20120911160000)
Migrating to ArtifactsAddAggregatedAt (20120911230000)
Migrating to AddArtifactParts (20120911230001)
Migrating to BuildsAddIndexOnFinishedAt (20120915012000)
Migrating to CommitsAddIndexOnBranch (20120915012001)
Migrating to JobsAddIndexOnCreatedAt (20120915150000)
Migrating to CreateEvents (20121015002500)
Migrating to RequestsAddResultAndMessage (20121015002501)
Migrating to CreateBroadcasts (20121017040100)
Migrating to EventsChangeDataToText (20121017040200)
Migrating to AddEventTypeToBuilds (20121018201301)
Migrating to UpdateEventTypeOnBuilds (20121018203728)
Migrating to AddIndexOnRepositoryIdAndEventTypeToBuilds (20121018210156)
Migrating to RepositoriesAddLastBuildState (20121125122700)
Migrating to BuildsAddPreviousState (20121125122701)
Migrating to ArtifactPartsAddFinal (20121222125200)
Migrating to ArtifactPartsChangeContentToText (20121222125300)
Migrating to ArtifactPartsAddIndexOnArtifactId (20121222140200)
Migrating to ArtifactPartsRemoveIndexOnArtifactId (20121223162300)
Migrating to AddGithubScopesToUser (20130107165057)
Migrating to AddIndexOnLastSeenAtToWorkers (20130115125836)
Migrating to CacheFullNameInWorkers (20130115145728)
Migrating to ArtifactsAddArchivedAt (20130125002600)
Migrating to ArtifactsAddArchivingAndVerified (20130125171100)
Migrating to CreateEmails (20130129142703)
Migrating to CreateLogs (20130207030700)
Migrating to CreateLogParts (20130207030701)
Migrating to AddReferenceOnLogPartsLogId (20130208124253)
Migrating to RenameArtifacts (20130208135800)
Migrating to DropArtifacts (20130208135801)
Migrating to AddNotNullConstraintOnLogPartsLogId (20130208215252)
Migrating to AddPullRequestTitleToBuilds (20130311211101)
Migrating to AddPullRequestNumberToBuilds (20130327100801)
Migrating to AddIndexToBuildsRequestId (20130418101437)
Migrating to AddIndexToJobsOnOwnerIdOwnerTypeAndState (20130418103306)
Migrating to AddBranchToBuilds (20130504230850)
Migrating to AddMoreIndexesToBuilds (20130505023259)
Migrating to AddIndexOnBuildState (20130521115725)
Migrating to UpdateFinishedJobs (20130521133050)
Migrating to UpdateFinishedBuilds (20130521134224)
Migrating to RemoveUnusedBuildColumns (20130521134800)
Migrating to RemoveUnusedJobColumns (20130521141357)
Migrating to AddGithubIdToUsers (20130629122945)
Migrating to AddDefaultBranchToRepositories (20130629133531)
Migrating to AddGithubLanguageToRepositories (20130629174449)
Migrating to AddPurgedAtToLogs (20130701123456)
Migrating to RemoveUnusedRepositoryColumns (20130702123456)
Migrating to AddUniqueIndexOnUsersGithubIdAndRemoveUniqueIndexOnUsersLogin (20130702144325)
Migrating to AddExtraColumnsToOrganizations (20130705123456)
Migrating to AddIndexOnGithubIdToOrganizations (20130707164854)
Migrating to CreateAnnotations (20130709185200)
Migrating to CreateAnnotationProviders (20130709233500)
Migrating to AddAnnotationProviderIdToAnnotations (20130710000745)
Migrating to AddCanceledAtToJobsAndBuilds (20130726101124)
Migrating to AddIndexOnRepositoryGithubId (20130901183019)
Migrating to AddCachedMatrixIdsToBuilds (20130909203321)
Migrating to CreateIndexOnBuildsIdDescAndRepositoryIdAndEventType (20130910184823)
Migrating to AddUniqueIndexOnRepositoryGithubId (20130916101056)
Migrating to AddSettingsToRepositories (20130920135744)
Migrating to RemoveWorkersTableAndIndexes (20131104101056)
Migrating to RemoveEventsTable (20131109101056)
Migrating to RemoveAnnotationImageInfo (20140120225125)
Migrating to AddStatusToAnnotations (20140121003026)
Migrating to AddIndicesToRequests (20140204220926)
Migrating to AddIndicesToMemberships (20140210003014)
Migrating to RemoveUnusedIndices (20140210012509)
Migrating to AddRemovedInfoToLogs (20140612131826)
Migrating to AddEducationFieldToUser (20140827121945)
Migrating to JobsAddReceivedAt (20150121135400)
Migrating to BuildsAddReceivedAt (20150121135401)
Migrating to AddIndexOnRepositoryIdToCommits (20150204144312)
Migrating to IndexRequestsOnCreatedAt (20150210170900)
Migrating to CreateBranches (20150223125700)
Migrating to AddNextBuildNumberToRepository (20150311020321)
Migrating to AddActiveIndexToRepository (20150316020321)
Migrating to AddOwnerTypeAndOwnerIdIndexesToBuilds (20150316080321)
Migrating to AddOwnerTypeAndOwnerIdIndexesToRepositories (20150316100321)
Migrating to AddSlugIndexToRepositories (20150317004600)
Migrating to AddTokenIndexToTokens (20150317020321)
Migrating to AddLoginIndexToOrganizations (20150317080321)
Migrating to AddLowerCaseIndices (20150414001337)
Migrating to RepositoriesAddIndexOwnerName (20150528101600)
Migrating to RepositoriesAddIndexName (20150528101601)
Migrating to RepositoriesDropIndexOwnerNameName (20150528101602)
Migrating to BuildsAddIndexEventType (20150528101603)
Migrating to BuildsAddIndexRepositoryId (20150528101604)
Migrating to BuildsAddIndexState (20150528101605)
Migrating to BuildsAddIndexBranch (20150528101607)
Migrating to BuildsDropIndexRepositoryIdAndState (20150528101608)
Migrating to BuildsDropIndexRepositoryIdAndEventType (20150528101609)
Migrating to BuildsDropIndexIdRepositoryIdAndEventTypeDesc (20150528101610)
Migrating to BuildsDropIndexRepositoryIdAndEventTypeAndStateAndBranch (20150528101611)
Migrating to JobsAddIndexOwnerId (20150610143500)
Migrating to JobsAddIndexOwnerType (20150610143501)
Migrating to JobsAddIndexSourceId (20150610143502)
Migrating to JobsAddIndexSourceType (20150610143503)
Migrating to JobsAddIndexType (20150610143504)
Migrating to JobsDropIndexOwnerIdAndOwnerTypeAndState (20150610143505)
Migrating to JobsDropIndexStateOwnerTypeOwnerId (20150610143506)
Migrating to JobsDropIndexTypeAndSourceIdAndSourceType (20150610143507)
Migrating to JobsAddIndexState (20150610143508)
Migrating to JobsAddIndexQueue (20150610143509)
Migrating to TokensAddIndexUserId (20150610143510)
Migrating to ReposAddInvalidatedAt (20150629231300)
Migrating to BroadcastsAddCategory (20150923131400)
  [1m[35m (0.1ms)[0m  BEGIN
  [1m[36m (0.3ms)[0m  [1mALTER TABLE "broadcasts" ADD COLUMN "category" character varying(255)[0m
PG::DuplicateColumn: ERROR:  column "category" of relation "broadcasts" already exists
: ALTER TABLE "broadcasts" ADD COLUMN "category" character varying(255)
  [1m[35m (0.1ms)[0m  ROLLBACK
Connecting to database specified by database.yml
  [1m[36m (0.4ms)[0m  [1mSELECT "schema_migrations"."version" FROM "schema_migrations" [0m
  [1m[35m (0.2ms)[0m  SELECT "schema_migrations"."version" FROM "schema_migrations" 
  [1m[36m (0.3ms)[0m  [1mSELECT "schema_migrations"."version" FROM "schema_migrations" [0m
Migrating to CreateRepositories (20101126174706)
Migrating to CreateBuilds (20101126174715)
Migrating to DeviseCreateUsers (20110109130532)
Migrating to RepositoriesAddUsername (20110116155100)
Migrating to CreateTokens (20110130102621)
Migrating to AddBuildParentIdAndConfiguration (20110301071656)
Migrating to RepositoriesDenormalizeLastBuildAttributes (20110316174721)
Migrating to RepositoriesAddOwnerNameAndOwnerEmail (20110321075539)
Migrating to RepositoryStripOwnerNameFromName (20110321171101)
Migrating to CreateHistoriesTable (20110411171936)
Migrating to RenameHistoriesToRailsAdminHistories (20110411171937)
Migrating to AddAdminFlagToUser (20110411172518)
Migrating to BuildsAddRef (20110413101057)
Migrating to BuildsAddGithubPayload (20110414131100)
Migrating to AddGithubIdToUsersTable (20110503150504)
Migrating to RepositoriesChangeOwnerEmailType (20110523012243)
Migrating to AddGithubOauthTokenToUser (20110611203537)
Migrating to AddCompareUrlToBuild (20110613210252)
Migrating to BuildsRemoveJobId (20110615152003)
Migrating to BuildRemoveLastBuiltAt (20110616211744)
Migrating to AddMissingIndexes (20110617114728)
Migrating to AddActiveToRepositories (20110619100906)
Migrating to StoreTokenInBuild (20110729094426)
Migrating to CreateRequestsCommitsAndTasks (20110801161819)
Migrating to RepositoryRenameIsActiveToActive (20110805030147)
Migrating to TasksAddTags (20110819232908)
Migrating to CacheOneNumberForSharedBuildsTasksSequence (20110911204538)
Migrating to RenameTasksToJobs (20111107134436)
Migrating to CreateArtifacts (20111107134437)
Migrating to CreateWorkers (20111107134438)
Migrating to JobsAddRetries (20111107134439)
Migrating to RemoveRailsAdmin (20111107134440)
Migrating to AddIndexesToJobs (20111128235043)
Migrating to AddRepositoryIdIndexToJobs (20111129014329)
Migrating to AddOwnerAndTypeIndexToJobs (20111129022625)
Migrating to WorkersAddPayloadAndLastError (20111201113500)
Migrating to RepositoriesAddDescriptionAndLastLanguage (20111203002341)
Migrating to BuildsAddArchivedAt (20111203221720)
Migrating to MimicProductionDb (20111207093700)
Migrating to BuildsAddDuration (20111212103859)
Migrating to RepositoriesAddLastBuildDuration (20111212112411)
Migrating to CreateSslKeys (20111214173922)
Migrating to AddAllowFailureToJobs (20120114125404)
Migrating to AddPullRequestFieldsToRequest (20120216133223)
Migrating to AddGravatarIdToUsers (20120222082522)
Migrating to OrganizationsCreate (20120301131209)
Migrating to JobsRenameOwnerToSource (20120304000502)
Migrating to RepositoriesAddOwner (20120304000503)
Migrating to BuildsAddOwner (20120304000504)
Migrating to JobsAddOwner (20120304000505)
Migrating to RequestsAddOwner (20120304000506)
Migrating to AddLocaleToUser (20120311234933)
Migrating to CreateMemberships (20120316123726)
Migrating to RepositoriesAddPrivate (20120319170001)
Migrating to CreateUrls (20120324104051)
Migrating to CopyStatusToResult (20120505165100)
Migrating to RequestsAddIndexOnHeadCommit (20120511171900)
Migrating to CreatePermissions (20120521174400)
Migrating to BuildsAddPreviousResult (20120527235800)
Migrating to AddSyncInfoToUser (20120713140816)
Migrating to RenameInSyncToIsSyncing (20120713153215)
Migrating to AddQueueToWorkers (20120725005300)
Migrating to AddJobsIndexOnStateOwnerTypeOwnerId (20120727151900)
Migrating to AddQueuedAtToJobs (20120731005301)
Migrating to AddPushAndPullToPermissions (20120802001001)
Migrating to AddBuildsIndexOnRepositoryIdAndState (20120911160000)
Migrating to ArtifactsAddAggregatedAt (20120911230000)
Migrating to AddArtifactParts (20120911230001)
Migrating to BuildsAddIndexOnFinishedAt (20120915012000)
Migrating to CommitsAddIndexOnBranch (20120915012001)
Migrating to JobsAddIndexOnCreatedAt (20120915150000)
Migrating to CreateEvents (20121015002500)
Migrating to RequestsAddResultAndMessage (20121015002501)
Migrating to CreateBroadcasts (20121017040100)
Migrating to EventsChangeDataToText (20121017040200)
Migrating to AddEventTypeToBuilds (20121018201301)
Migrating to UpdateEventTypeOnBuilds (20121018203728)
Migrating to AddIndexOnRepositoryIdAndEventTypeToBuilds (20121018210156)
Migrating to RepositoriesAddLastBuildState (20121125122700)
Migrating to BuildsAddPreviousState (20121125122701)
Migrating to ArtifactPartsAddFinal (20121222125200)
Migrating to ArtifactPartsChangeContentToText (20121222125300)
Migrating to ArtifactPartsAddIndexOnArtifactId (20121222140200)
Migrating to ArtifactPartsRemoveIndexOnArtifactId (20121223162300)
Migrating to AddGithubScopesToUser (20130107165057)
Migrating to AddIndexOnLastSeenAtToWorkers (20130115125836)
Migrating to CacheFullNameInWorkers (20130115145728)
Migrating to ArtifactsAddArchivedAt (20130125002600)
Migrating to ArtifactsAddArchivingAndVerified (20130125171100)
Migrating to CreateEmails (20130129142703)
Migrating to CreateLogs (20130207030700)
Migrating to CreateLogParts (20130207030701)
Migrating to AddReferenceOnLogPartsLogId (20130208124253)
Migrating to RenameArtifacts (20130208135800)
Migrating to DropArtifacts (20130208135801)
Migrating to AddNotNullConstraintOnLogPartsLogId (20130208215252)
Migrating to AddPullRequestTitleToBuilds (20130311211101)
Migrating to AddPullRequestNumberToBuilds (20130327100801)
Migrating to AddIndexToBuildsRequestId (20130418101437)
Migrating to AddIndexToJobsOnOwnerIdOwnerTypeAndState (20130418103306)
Migrating to AddBranchToBuilds (20130504230850)
Migrating to AddMoreIndexesToBuilds (20130505023259)
Migrating to AddIndexOnBuildState (20130521115725)
Migrating to UpdateFinishedJobs (20130521133050)
Migrating to UpdateFinishedBuilds (20130521134224)
Migrating to RemoveUnusedBuildColumns (20130521134800)
Migrating to RemoveUnusedJobColumns (20130521141357)
Migrating to AddGithubIdToUsers (20130629122945)
Migrating to AddDefaultBranchToRepositories (20130629133531)
Migrating to AddGithubLanguageToRepositories (20130629174449)
Migrating to AddPurgedAtToLogs (20130701123456)
Migrating to RemoveUnusedRepositoryColumns (20130702123456)
Migrating to AddUniqueIndexOnUsersGithubIdAndRemoveUniqueIndexOnUsersLogin (20130702144325)
Migrating to AddExtraColumnsToOrganizations (20130705123456)
Migrating to AddIndexOnGithubIdToOrganizations (20130707164854)
Migrating to CreateAnnotations (20130709185200)
Migrating to CreateAnnotationProviders (20130709233500)
Migrating to AddAnnotationProviderIdToAnnotations (20130710000745)
Migrating to AddCanceledAtToJobsAndBuilds (20130726101124)
Migrating to AddIndexOnRepositoryGithubId (20130901183019)
Migrating to AddCachedMatrixIdsToBuilds (20130909203321)
Migrating to CreateIndexOnBuildsIdDescAndRepositoryIdAndEventType (20130910184823)
Migrating to AddUniqueIndexOnRepositoryGithubId (20130916101056)
Migrating to AddSettingsToRepositories (20130920135744)
Migrating to RemoveWorkersTableAndIndexes (20131104101056)
Migrating to RemoveEventsTable (20131109101056)
Migrating to RemoveAnnotationImageInfo (20140120225125)
Migrating to AddStatusToAnnotations (20140121003026)
Migrating to AddIndicesToRequests (20140204220926)
Migrating to AddIndicesToMemberships (20140210003014)
Migrating to RemoveUnusedIndices (20140210012509)
Migrating to AddRemovedInfoToLogs (20140612131826)
Migrating to AddEducationFieldToUser (20140827121945)
Migrating to JobsAddReceivedAt (20150121135400)
Migrating to BuildsAddReceivedAt (20150121135401)
Migrating to AddIndexOnRepositoryIdToCommits (20150204144312)
Migrating to IndexRequestsOnCreatedAt (20150210170900)
Migrating to CreateBranches (20150223125700)
Migrating to AddNextBuildNumberToRepository (20150311020321)
Migrating to AddActiveIndexToRepository (20150316020321)
Migrating to AddOwnerTypeAndOwnerIdIndexesToBuilds (20150316080321)
Migrating to AddOwnerTypeAndOwnerIdIndexesToRepositories (20150316100321)
Migrating to AddSlugIndexToRepositories (20150317004600)
Migrating to AddTokenIndexToTokens (20150317020321)
Migrating to AddLoginIndexToOrganizations (20150317080321)
Migrating to AddLowerCaseIndices (20150414001337)
Migrating to RepositoriesAddIndexOwnerName (20150528101600)
Migrating to RepositoriesAddIndexName (20150528101601)
Migrating to RepositoriesDropIndexOwnerNameName (20150528101602)
Migrating to BuildsAddIndexEventType (20150528101603)
Migrating to BuildsAddIndexRepositoryId (20150528101604)
Migrating to BuildsAddIndexState (20150528101605)
Migrating to BuildsAddIndexBranch (20150528101607)
Migrating to BuildsDropIndexRepositoryIdAndState (20150528101608)
Migrating to BuildsDropIndexRepositoryIdAndEventType (20150528101609)
Migrating to BuildsDropIndexIdRepositoryIdAndEventTypeDesc (20150528101610)
Migrating to BuildsDropIndexRepositoryIdAndEventTypeAndStateAndBranch (20150528101611)
Migrating to JobsAddIndexOwnerId (20150610143500)
Migrating to JobsAddIndexOwnerType (20150610143501)
Migrating to JobsAddIndexSourceId (20150610143502)
Migrating to JobsAddIndexSourceType (20150610143503)
Migrating to JobsAddIndexType (20150610143504)
Migrating to JobsDropIndexOwnerIdAndOwnerTypeAndState (20150610143505)
Migrating to JobsDropIndexStateOwnerTypeOwnerId (20150610143506)
Migrating to JobsDropIndexTypeAndSourceIdAndSourceType (20150610143507)
Migrating to JobsAddIndexState (20150610143508)
Migrating to JobsAddIndexQueue (20150610143509)
Migrating to TokensAddIndexUserId (20150610143510)
Migrating to ReposAddInvalidatedAt (20150629231300)
Migrating to BroadcastsAddCategory (20150923131400)
  [1m[35m (0.1ms)[0m  BEGIN
  [1m[36m (0.4ms)[0m  [1mALTER TABLE "broadcasts" ADD COLUMN "category" character varying(255)[0m
PG::DuplicateColumn: ERROR:  column "category" of relation "broadcasts" already exists
: ALTER TABLE "broadcasts" ADD COLUMN "category" character varying(255)
  [1m[35m (0.1ms)[0m  ROLLBACK
Connecting to database specified by database.yml
  [1m[36m (0.3ms)[0m  [1mSELECT "schema_migrations"."version" FROM "schema_migrations" [0m
  [1m[35m (0.2ms)[0m  SELECT "schema_migrations"."version" FROM "schema_migrations" 
  [1m[36m (0.2ms)[0m  [1mSELECT "schema_migrations"."version" FROM "schema_migrations" [0m
Migrating to CreateRepositories (20101126174706)
Migrating to CreateBuilds (20101126174715)
Migrating to DeviseCreateUsers (20110109130532)
Migrating to RepositoriesAddUsername (20110116155100)
Migrating to CreateTokens (20110130102621)
Migrating to AddBuildParentIdAndConfiguration (20110301071656)
Migrating to RepositoriesDenormalizeLastBuildAttributes (20110316174721)
Migrating to RepositoriesAddOwnerNameAndOwnerEmail (20110321075539)
Migrating to RepositoryStripOwnerNameFromName (20110321171101)
Migrating to CreateHistoriesTable (20110411171936)
Migrating to RenameHistoriesToRailsAdminHistories (20110411171937)
Migrating to AddAdminFlagToUser (20110411172518)
Migrating to BuildsAddRef (20110413101057)
Migrating to BuildsAddGithubPayload (20110414131100)
Migrating to AddGithubIdToUsersTable (20110503150504)
Migrating to RepositoriesChangeOwnerEmailType (20110523012243)
Migrating to AddGithubOauthTokenToUser (20110611203537)
Migrating to AddCompareUrlToBuild (20110613210252)
Migrating to BuildsRemoveJobId (20110615152003)
Migrating to BuildRemoveLastBuiltAt (20110616211744)
Migrating to AddMissingIndexes (20110617114728)
Migrating to AddActiveToRepositories (20110619100906)
Migrating to StoreTokenInBuild (20110729094426)
Migrating to CreateRequestsCommitsAndTasks (20110801161819)
Migrating to RepositoryRenameIsActiveToActive (20110805030147)
Migrating to TasksAddTags (20110819232908)
Migrating to CacheOneNumberForSharedBuildsTasksSequence (20110911204538)
Migrating to RenameTasksToJobs (20111107134436)
Migrating to CreateArtifacts (20111107134437)
Migrating to CreateWorkers (20111107134438)
Migrating to JobsAddRetries (20111107134439)
Migrating to RemoveRailsAdmin (20111107134440)
Migrating to AddIndexesToJobs (20111128235043)
Migrating to AddRepositoryIdIndexToJobs (20111129014329)
Migrating to AddOwnerAndTypeIndexToJobs (20111129022625)
Migrating to WorkersAddPayloadAndLastError (20111201113500)
Migrating to RepositoriesAddDescriptionAndLastLanguage (20111203002341)
Migrating to BuildsAddArchivedAt (20111203221720)
Migrating to MimicProductionDb (20111207093700)
Migrating to BuildsAddDuration (20111212103859)
Migrating to RepositoriesAddLastBuildDuration (20111212112411)
Migrating to CreateSslKeys (20111214173922)
Migrating to AddAllowFailureToJobs (20120114125404)
Migrating to AddPullRequestFieldsToRequest (20120216133223)
Migrating to AddGravatarIdToUsers (20120222082522)
Migrating to OrganizationsCreate (20120301131209)
Migrating to JobsRenameOwnerToSource (20120304000502)
Migrating to RepositoriesAddOwner (20120304000503)
Migrating to BuildsAddOwner (20120304000504)
Migrating to JobsAddOwner (20120304000505)
Migrating to RequestsAddOwner (20120304000506)
Migrating to AddLocaleToUser (20120311234933)
Migrating to CreateMemberships (20120316123726)
Migrating to RepositoriesAddPrivate (20120319170001)
Migrating to CreateUrls (20120324104051)
Migrating to CopyStatusToResult (20120505165100)
Migrating to RequestsAddIndexOnHeadCommit (20120511171900)
Migrating to CreatePermissions (20120521174400)
Migrating to BuildsAddPreviousResult (20120527235800)
Migrating to AddSyncInfoToUser (20120713140816)
Migrating to RenameInSyncToIsSyncing (20120713153215)
Migrating to AddQueueToWorkers (20120725005300)
Migrating to AddJobsIndexOnStateOwnerTypeOwnerId (20120727151900)
Migrating to AddQueuedAtToJobs (20120731005301)
Migrating to AddPushAndPullToPermissions (20120802001001)
Migrating to AddBuildsIndexOnRepositoryIdAndState (20120911160000)
Migrating to ArtifactsAddAggregatedAt (20120911230000)
Migrating to AddArtifactParts (20120911230001)
Migrating to BuildsAddIndexOnFinishedAt (20120915012000)
Migrating to CommitsAddIndexOnBranch (20120915012001)
Migrating to JobsAddIndexOnCreatedAt (20120915150000)
Migrating to CreateEvents (20121015002500)
Migrating to RequestsAddResultAndMessage (20121015002501)
Migrating to CreateBroadcasts (20121017040100)
Migrating to EventsChangeDataToText (20121017040200)
Migrating to AddEventTypeToBuilds (20121018201301)
Migrating to UpdateEventTypeOnBuilds (20121018203728)
Migrating to AddIndexOnRepositoryIdAndEventTypeToBuilds (20121018210156)
Migrating to RepositoriesAddLastBuildState (20121125122700)
Migrating to BuildsAddPreviousState (20121125122701)
Migrating to ArtifactPartsAddFinal (20121222125200)
Migrating to ArtifactPartsChangeContentToText (20121222125300)
Migrating to ArtifactPartsAddIndexOnArtifactId (20121222140200)
Migrating to ArtifactPartsRemoveIndexOnArtifactId (20121223162300)
Migrating to AddGithubScopesToUser (20130107165057)
Migrating to AddIndexOnLastSeenAtToWorkers (20130115125836)
Migrating to CacheFullNameInWorkers (20130115145728)
Migrating to ArtifactsAddArchivedAt (20130125002600)
Migrating to ArtifactsAddArchivingAndVerified (20130125171100)
Migrating to CreateEmails (20130129142703)
Migrating to CreateLogs (20130207030700)
Migrating to CreateLogParts (20130207030701)
Migrating to AddReferenceOnLogPartsLogId (20130208124253)
Migrating to RenameArtifacts (20130208135800)
Migrating to DropArtifacts (20130208135801)
Migrating to AddNotNullConstraintOnLogPartsLogId (20130208215252)
Migrating to AddPullRequestTitleToBuilds (20130311211101)
Migrating to AddPullRequestNumberToBuilds (20130327100801)
Migrating to AddIndexToBuildsRequestId (20130418101437)
Migrating to AddIndexToJobsOnOwnerIdOwnerTypeAndState (20130418103306)
Migrating to AddBranchToBuilds (20130504230850)
Migrating to AddMoreIndexesToBuilds (20130505023259)
Migrating to AddIndexOnBuildState (20130521115725)
Migrating to UpdateFinishedJobs (20130521133050)
Migrating to UpdateFinishedBuilds (20130521134224)
Migrating to RemoveUnusedBuildColumns (20130521134800)
Migrating to RemoveUnusedJobColumns (20130521141357)
Migrating to AddGithubIdToUsers (20130629122945)
Migrating to AddDefaultBranchToRepositories (20130629133531)
Migrating to AddGithubLanguageToRepositories (20130629174449)
Migrating to AddPurgedAtToLogs (20130701123456)
Migrating to RemoveUnusedRepositoryColumns (20130702123456)
Migrating to AddUniqueIndexOnUsersGithubIdAndRemoveUniqueIndexOnUsersLogin (20130702144325)
Migrating to AddExtraColumnsToOrganizations (20130705123456)
Migrating to AddIndexOnGithubIdToOrganizations (20130707164854)
Migrating to CreateAnnotations (20130709185200)
Migrating to CreateAnnotationProviders (20130709233500)
Migrating to AddAnnotationProviderIdToAnnotations (20130710000745)
Migrating to AddCanceledAtToJobsAndBuilds (20130726101124)
Migrating to AddIndexOnRepositoryGithubId (20130901183019)
Migrating to AddCachedMatrixIdsToBuilds (20130909203321)
Migrating to CreateIndexOnBuildsIdDescAndRepositoryIdAndEventType (20130910184823)
Migrating to AddUniqueIndexOnRepositoryGithubId (20130916101056)
Migrating to AddSettingsToRepositories (20130920135744)
Migrating to RemoveWorkersTableAndIndexes (20131104101056)
Migrating to RemoveEventsTable (20131109101056)
Migrating to RemoveAnnotationImageInfo (20140120225125)
Migrating to AddStatusToAnnotations (20140121003026)
Migrating to AddIndicesToRequests (20140204220926)
Migrating to AddIndicesToMemberships (20140210003014)
Migrating to RemoveUnusedIndices (20140210012509)
Migrating to AddRemovedInfoToLogs (20140612131826)
Migrating to AddEducationFieldToUser (20140827121945)
Migrating to JobsAddReceivedAt (20150121135400)
Migrating to BuildsAddReceivedAt (20150121135401)
Migrating to AddIndexOnRepositoryIdToCommits (20150204144312)
Migrating to IndexRequestsOnCreatedAt (20150210170900)
Migrating to CreateBranches (20150223125700)
Migrating to AddNextBuildNumberToRepository (20150311020321)
Migrating to AddActiveIndexToRepository (20150316020321)
Migrating to AddOwnerTypeAndOwnerIdIndexesToBuilds (20150316080321)
Migrating to AddOwnerTypeAndOwnerIdIndexesToRepositories (20150316100321)
Migrating to AddSlugIndexToRepositories (20150317004600)
Migrating to AddTokenIndexToTokens (20150317020321)
Migrating to AddLoginIndexToOrganizations (20150317080321)
Migrating to AddLowerCaseIndices (20150414001337)
Migrating to RepositoriesAddIndexOwnerName (20150528101600)
Migrating to RepositoriesAddIndexName (20150528101601)
Migrating to RepositoriesDropIndexOwnerNameName (20150528101602)
Migrating to BuildsAddIndexEventType (20150528101603)
Migrating to BuildsAddIndexRepositoryId (20150528101604)
Migrating to BuildsAddIndexState (20150528101605)
Migrating to BuildsAddIndexBranch (20150528101607)
Migrating to BuildsDropIndexRepositoryIdAndState (20150528101608)
Migrating to BuildsDropIndexRepositoryIdAndEventType (20150528101609)
Migrating to BuildsDropIndexIdRepositoryIdAndEventTypeDesc (20150528101610)
Migrating to BuildsDropIndexRepositoryIdAndEventTypeAndStateAndBranch (20150528101611)
Migrating to JobsAddIndexOwnerId (20150610143500)
Migrating to JobsAddIndexOwnerType (20150610143501)
Migrating to JobsAddIndexSourceId (20150610143502)
Migrating to JobsAddIndexSourceType (20150610143503)
Migrating to JobsAddIndexType (20150610143504)
Migrating to JobsDropIndexOwnerIdAndOwnerTypeAndState (20150610143505)
Migrating to JobsDropIndexStateOwnerTypeOwnerId (20150610143506)
Migrating to JobsDropIndexTypeAndSourceIdAndSourceType (20150610143507)
Migrating to JobsAddIndexState (20150610143508)
Migrating to JobsAddIndexQueue (20150610143509)
Migrating to TokensAddIndexUserId (20150610143510)
Migrating to ReposAddInvalidatedAt (20150629231300)
Migrating to BroadcastsAddCategory (20150923131400)
  [1m[35m (0.1ms)[0m  BEGIN
  [1m[36m (0.3ms)[0m  [1mALTER TABLE "broadcasts" ADD COLUMN "category" character varying(255)[0m
PG::DuplicateColumn: ERROR:  column "category" of relation "broadcasts" already exists
: ALTER TABLE "broadcasts" ADD COLUMN "category" character varying(255)
  [1m[35m (0.1ms)[0m  ROLLBACK
Connecting to database specified by database.yml
